<?xml version="1.0" encoding="UTF-8"?>
<testng-results ignored="0" total="4" passed="4" failed="0" skipped="0">
  <reporter-output>
  </reporter-output>
  <suite started-at="2020-04-09T21:17:57 EET" name="Suite" finished-at="2020-04-09T21:17:57 EET" duration-ms="53">
    <groups>
    </groups>
    <test started-at="2020-04-09T21:17:57 EET" name="Test" finished-at="2020-04-09T21:17:57 EET" duration-ms="53">
      <class name="Intro_Maven.mavenjava.SeleniumTest">
        <test-method signature="BrowserAutomation()[pri:0, instance:Intro_Maven.mavenjava.SeleniumTest@75db5df9]" started-at="2020-04-09T21:17:57 EET" name="BrowserAutomation" finished-at="2020-04-09T21:17:57 EET" duration-ms="1" status="PASS">
          <reporter-output>
          </reporter-output>
        </test-method> <!-- BrowserAutomation -->
        <test-method signature="ElementsUI()[pri:0, instance:Intro_Maven.mavenjava.SeleniumTest@75db5df9]" started-at="2020-04-09T21:17:57 EET" name="ElementsUI" finished-at="2020-04-09T21:17:57 EET" duration-ms="1" status="PASS">
          <reporter-output>
          </reporter-output>
        </test-method> <!-- ElementsUI -->
      </class> <!-- Intro_Maven.mavenjava.SeleniumTest -->
      <class name="Intro_Maven.mavenjava.RESTAPITest">
        <test-method signature="DeleteTwitter()[pri:0, instance:Intro_Maven.mavenjava.RESTAPITest@33c911a1]" started-at="2020-04-09T21:17:57 EET" name="DeleteTwitter" finished-at="2020-04-09T21:17:57 EET" duration-ms="6" status="PASS">
          <reporter-output>
          </reporter-output>
        </test-method> <!-- DeleteTwitter -->
        <test-method signature="PostJira()[pri:0, instance:Intro_Maven.mavenjava.RESTAPITest@33c911a1]" started-at="2020-04-09T21:17:57 EET" name="PostJira" finished-at="2020-04-09T21:17:57 EET" duration-ms="1" status="PASS">
          <reporter-output>
          </reporter-output>
        </test-method> <!-- PostJira -->
      </class> <!-- Intro_Maven.mavenjava.RESTAPITest -->
    </test> <!-- Test -->
  </suite> <!-- Suite -->
</testng-results>
