<?xml version="1.0" encoding="UTF-8"?>
<!-- Generated by org.testng.reporters.JUnitXMLReporter -->
<testsuite ignored="0" hostname="EVT01213NB" failures="0" tests="4" name="Test" time="0.053" errors="0" timestamp="2020-04-09T21:17:57 EET">
  <testcase classname="Intro_Maven.mavenjava.RESTAPITest" name="DeleteTwitter" time="0.006"/>
  <testcase classname="Intro_Maven.mavenjava.RESTAPITest" name="PostJira" time="0.001"/>
  <testcase classname="Intro_Maven.mavenjava.SeleniumTest" name="BrowserAutomation" time="0.001"/>
  <testcase classname="Intro_Maven.mavenjava.SeleniumTest" name="ElementsUI" time="0.001"/>
</testsuite> <!-- Test -->
