<?xml version="1.0" encoding="UTF-8"?>
<!-- Generated by org.testng.reporters.JUnitXMLReporter -->
<testsuite ignored="0" hostname="EVT01213NB" failures="0" tests="6" name="Surefire test" time="0.064" errors="0" timestamp="2020-04-09T01:47:15 EET">
  <testcase classname="Intro_Maven.mavenjava.AppiumTest" name="AdroidApp" time="0.011"/>
  <testcase classname="Intro_Maven.mavenjava.AppiumTest" name="IOSApp" time="0.0"/>
  <testcase classname="Intro_Maven.mavenjava.RESTAPITest" name="DeleteTwitter" time="0.001"/>
  <testcase classname="Intro_Maven.mavenjava.RESTAPITest" name="PostJira" time="0.001"/>
  <testcase classname="Intro_Maven.mavenjava.SeleniumTest" name="BrowserAutomation" time="0.0"/>
  <testcase classname="Intro_Maven.mavenjava.SeleniumTest" name="ElementsUI" time="0.001"/>
</testsuite> <!-- Surefire test -->
